Traceback (most recent call last):
  File "C:\Users\trabi\anaconda3\lib\site-packages\jupyter_cache\executors\utils.py", line 58, in single_nb_execution
    executenb(
  File "C:\Users\trabi\anaconda3\lib\site-packages\nbclient\client.py", line 1204, in execute
    return NotebookClient(nb=nb, resources=resources, km=km, **kwargs).execute()
  File "C:\Users\trabi\anaconda3\lib\site-packages\nbclient\util.py", line 84, in wrapped
    return just_run(coro(*args, **kwargs))
  File "C:\Users\trabi\anaconda3\lib\site-packages\nbclient\util.py", line 62, in just_run
    return loop.run_until_complete(coro)
  File "C:\Users\trabi\anaconda3\lib\asyncio\base_events.py", line 649, in run_until_complete
    return future.result()
  File "C:\Users\trabi\anaconda3\lib\site-packages\nbclient\client.py", line 663, in async_execute
    await self.async_execute_cell(
  File "C:\Users\trabi\anaconda3\lib\site-packages\nbclient\client.py", line 965, in async_execute_cell
    await self._check_raise_for_error(cell, cell_index, exec_reply)
  File "C:\Users\trabi\anaconda3\lib\site-packages\nbclient\client.py", line 862, in _check_raise_for_error
    raise CellExecutionError.from_cell_and_msg(cell, exec_reply_content)
nbclient.exceptions.CellExecutionError: An error occurred while executing the following cell:
------------------
rapport2("&", 3)
------------------

[1;31m---------------------------------------------------------------------------[0m
[1;31mTypeError[0m                                 Traceback (most recent call last)
Cell [1;32mIn[81], line 1[0m
[1;32m----> 1[0m [43mrapport2[49m[43m([49m[38;5;124;43m"[39;49m[38;5;124;43m&[39;49m[38;5;124;43m"[39;49m[43m,[49m[43m [49m[38;5;241;43m3[39;49m[43m)[49m

Cell [1;32mIn[78], line 3[0m, in [0;36mrapport2[1;34m(x, y)[0m
[0;32m      1[0m [38;5;28;01mdef[39;00m [38;5;21mrapport2[39m(x, y) :
[0;32m      2[0m     [38;5;28;01mtry[39;00m:
[1;32m----> 3[0m         resultat [38;5;241m=[39m [43mx[49m[38;5;241;43m/[39;49m[43my[49m
[0;32m      4[0m     [38;5;28;01mexcept[39;00m [38;5;167;01mZeroDivisionError[39;00m:
[0;32m      5[0m         [38;5;28mprint[39m([38;5;124m"[39m[38;5;124mDivision par z√©ro[39m[38;5;124m"[39m)

[1;31mTypeError[0m: unsupported operand type(s) for /: 'str' and 'int'
TypeError: unsupported operand type(s) for /: 'str' and 'int'

